[2025-04-26 09:20:16] ERROR Critical failure in system
[2025-04-26 09:29:00] WARN Potential issue detected
[2025-04-26 09:17:50] 403 Forbidden Potential issue detected
[2025-04-26 09:28:05] DEBUG System operating normally
[2025-04-26 09:20:49] 500 Internal Server Error Critical failure in system
[2025-04-26 09:23:20] WARN Potential issue detected
[2025-04-26 09:16:51] 404 Not Found Potential issue detected
[2025-04-26 09:14:34] WARN Potential issue detected
[2025-04-26 09:24:13] ERROR Critical failure in system
[2025-04-26 09:15:38] ERROR Critical failure in system
[2025-04-26 09:14:53] 403 Forbidden Potential issue detected
[2025-04-26 09:21:37] 403 Forbidden Potential issue detected
[2025-04-26 09:33:26] ERROR Critical failure in system
[2025-04-26 09:29:37] WARN Potential issue detected
[2025-04-26 09:15:14] 500 Internal Server Error Critical failure in system
[2025-04-26 09:15:41] 500 Internal Server Error Critical failure in system
[2025-04-26 09:28:17] 403 Forbidden Potential issue detected
[2025-04-26 09:19:19] 403 Forbidden Potential issue detected
[2025-04-26 09:16:48] WARN Potential issue detected
[2025-04-26 09:20:23] 500 Internal Server Error Critical failure in system
[2025-04-26 09:16:46] DEBUG System operating normally
[2025-04-26 09:25:48] INFO System operating normally
[2025-04-26 09:17:09] ERROR Critical failure in system
[2025-04-26 09:19:58] NOTICE System operating normally
[2025-04-26 09:20:36] ERROR Critical failure in system
