[2025-04-26 09:24:27] ERROR Critical failure in system
[2025-04-26 09:23:03] DEBUG System operating normally
[2025-04-26 09:27:05] NOTICE System operating normally
[2025-04-26 09:18:51] DEBUG System operating normally
[2025-04-26 09:28:06] DEBUG System operating normally
[2025-04-26 09:29:35] WARN Potential issue detected
[2025-04-26 09:28:11] WARN Potential issue detected
[2025-04-26 09:17:43] WARN Potential issue detected
[2025-04-26 09:27:04] 404 Not Found Potential issue detected
[2025-04-26 09:30:36] WARN Potential issue detected
[2025-04-26 09:25:54] NOTICE System operating normally
[2025-04-26 09:19:16] 500 Internal Server Error Critical failure in system
[2025-04-26 09:25:56] INFO System operating normally
[2025-04-26 09:24:29] DEBUG System operating normally
[2025-04-26 09:23:47] 403 Forbidden Potential issue detected
[2025-04-26 09:24:50] NOTICE System operating normally
[2025-04-26 09:16:35] NOTICE System operating normally
[2025-04-26 09:32:21] ERROR Critical failure in system
[2025-04-26 09:15:44] NOTICE System operating normally
[2025-04-26 09:26:48] 404 Not Found Potential issue detected
[2025-04-26 09:16:57] NOTICE System operating normally
[2025-04-26 09:17:50] DEBUG System operating normally
[2025-04-26 09:34:07] ERROR Critical failure in system
[2025-04-26 09:23:17] 404 Not Found Potential issue detected
[2025-04-26 09:25:36] 404 Not Found Potential issue detected
[2025-04-26 09:15:28] NOTICE System operating normally
[2025-04-26 09:29:12] INFO System operating normally
