[2025-04-26 09:33:32] 404 Not Found Potential issue detected
[2025-04-26 09:20:12] 404 Not Found Potential issue detected
[2025-04-26 09:27:51] INFO System operating normally
[2025-04-26 09:28:46] ERROR Critical failure in system
[2025-04-26 09:32:36] 403 Forbidden Potential issue detected
[2025-04-26 09:31:24] 500 Internal Server Error Critical failure in system
[2025-04-26 09:25:35] NOTICE System operating normally
[2025-04-26 09:27:42] WARN Potential issue detected
[2025-04-26 09:17:50] WARN Potential issue detected
[2025-04-26 09:15:00] INFO System operating normally
[2025-04-26 09:29:08] 500 Internal Server Error Critical failure in system
[2025-04-26 09:31:27] DEBUG System operating normally
[2025-04-26 09:20:31] NOTICE System operating normally
[2025-04-26 09:18:34] WARN Potential issue detected
[2025-04-26 09:14:24] WARN Potential issue detected
[2025-04-26 09:20:44] NOTICE System operating normally
[2025-04-26 09:23:03] WARN Potential issue detected
[2025-04-26 09:34:26] ERROR Critical failure in system
[2025-04-26 09:27:16] 404 Not Found Potential issue detected
[2025-04-26 09:30:19] INFO System operating normally
[2025-04-26 09:30:15] WARN Potential issue detected
[2025-04-26 09:27:57] 403 Forbidden Potential issue detected
[2025-04-26 09:33:06] WARN Potential issue detected
[2025-04-26 09:27:01] INFO System operating normally
[2025-04-26 09:26:04] INFO System operating normally
[2025-04-26 09:21:39] DEBUG System operating normally
